<?xml version="1.0" encoding="UTF-8"?>
<!-- Generated by org.testng.reporters.JUnitReportReporter -->
<testsuite hostname="Advika" failures="0" tests="1" name="com.automation.testcases.LandingPageTest" time="7.049" errors="0" timestamp="06 Apr 2021 17:01:09 GMT" skipped="0">
  <testcase classname="com.automation.testcases.LandingPageTest" name="testLogin" time="7.049"/>
</testsuite> <!-- com.automation.testcases.LandingPageTest -->
